Using pre-set license
Built from '2020.2/release' branch; Version is '2020.2.1f1 (270dd8c3da1c) revision 2559448'; Using compiler version '192528614'; Build Type 'Release'
OS: 'Windows 10  (10.0.0) 64bit' Language: 'en' Physical Memory: 15315 MB
BatchMode: 1, IsHumanControllingUs: 0, StartBugReporterOnCrash: 0, Is64bit: 1, IsPro: 0

 COMMAND LINE ARGUMENTS:
C:\Program Files\Unity\Hub\Editor\2020.2.1f1\Editor\Unity.exe
-adb2
-batchMode
-noUpm
-name
AssetImportWorker0
-projectPath
C:/Users/Syoge/Desktop/Kugan/GAME/Unity Project Code
-logFile
Logs/AssetImportWorker0.log
-srvPort
54846
Successfully changed project path to: C:/Users/Syoge/Desktop/Kugan/GAME/Unity Project Code
C:/Users/Syoge/Desktop/Kugan/GAME/Unity Project Code
Using Asset Import Pipeline V2.
Refreshing native plugins compatible for Editor in 28.72 ms, found 0 plugins.
Preloading 0 native plugins for Editor in 0.00 ms.
Initialize engine version: 2020.2.1f1 (270dd8c3da1c)
[Subsystems] Discovering subsystems at path C:/Program Files/Unity/Hub/Editor/2020.2.1f1/Editor/Data/Resources/UnitySubsystems
[Subsystems] Discovering subsystems at path C:/Users/Syoge/Desktop/Kugan/GAME/Unity Project Code/Assets
GfxDevice: creating device client; threaded=0
Direct3D:
    Version:  Direct3D 11.0 [level 11.1]
    Renderer: AMD Radeon(TM) Vega 8 Graphics (ID=0x15dd)
    Vendor:   
    VRAM:     7657 MB
    Driver:   26.20.11008.6001
Initialize mono
Mono path[0] = 'C:/Program Files/Unity/Hub/Editor/2020.2.1f1/Editor/Data/Managed'
Mono path[1] = 'C:/Program Files/Unity/Hub/Editor/2020.2.1f1/Editor/Data/MonoBleedingEdge/lib/mono/unityjit'
Mono config path = 'C:/Program Files/Unity/Hub/Editor/2020.2.1f1/Editor/Data/MonoBleedingEdge/etc'
Using monoOptions --debugger-agent=transport=dt_socket,embedding=1,server=y,suspend=n,address=127.0.0.1:56120
Begin MonoManager ReloadAssembly
Registering precompiled unity dll's ...
Register platform support module: C:/Program Files/Unity/Hub/Editor/2020.2.1f1/Editor/Data/PlaybackEngines/WindowsStandaloneSupport/UnityEditor.WindowsStandalone.Extensions.dll
Registered in 0.007441 seconds.
Native extension for WindowsStandalone target not found
Refreshing native plugins compatible for Editor in 56.62 ms, found 0 plugins.
Preloading 0 native plugins for Editor in 0.00 ms.
Invoked RoslynAnalysisRunner static constructor.
RoslynAnalysisRunner will not be running.
RoslynAnalysisRunner has terminated.
Mono: successfully reloaded assembly
- Completed reload, in  2.519 seconds
Platform modules already initialized, skipping
Registering precompiled user dll's ...
Registered in 0.001388 seconds.
Begin MonoManager ReloadAssembly
Native extension for WindowsStandalone target not found
Refreshing native plugins compatible for Editor in 0.27 ms, found 0 plugins.
Preloading 0 native plugins for Editor in 0.00 ms.
Invoked RoslynAnalysisRunner static constructor.
RoslynAnalysisRunner will not be running.
RoslynAnalysisRunner has terminated.
Mono: successfully reloaded assembly
- Completed reload, in  1.404 seconds
Platform modules already initialized, skipping
========================================================================
Worker process is ready to serve import requests
Launched and connected shader compiler UnityShaderCompiler.exe after 0.06 seconds
Refreshing native plugins compatible for Editor in 0.26 ms, found 0 plugins.
Preloading 0 native plugins for Editor in 0.00 ms.
Unloading 1086 Unused Serialized files (Serialized files now loaded: 0)
System memory in use before: 55.9 MB.
System memory in use after: 56.0 MB.

Unloading 9 unused Assets to reduce memory usage. Loaded Objects now: 1528.
Total: 2.164900 ms (FindLiveObjects: 0.195400 ms CreateObjectMapping: 0.038300 ms MarkObjects: 1.857100 ms  DeleteObjects: 0.072700 ms)

========================================================================
Received Import Request.
  path: Assets/Scene.unity
  artifactKey: Guid(bee80beccdfe4447d99731f5b87b2e06) Importer(815301076,1909f56bfc062723c751e8b465ee728b)
Start importing Assets/Scene.unity using Guid(bee80beccdfe4447d99731f5b87b2e06) Importer(815301076,1909f56bfc062723c751e8b465ee728b)  -> (artifact id: 'a5e5289b81362e9f5c59895d300dde69') in 0.044241 seconds
  Import took 0.049259 seconds .

========================================================================
Received Import Request.
  Time since last request: 1310.684394 seconds.
  path: Assets/Materials
  artifactKey: Guid(ed1dc398f4218d748bc9b2059d258e0a) Importer(815301076,1909f56bfc062723c751e8b465ee728b)
Start importing Assets/Materials using Guid(ed1dc398f4218d748bc9b2059d258e0a) Importer(815301076,1909f56bfc062723c751e8b465ee728b)  -> (artifact id: 'a7e7f1504a3b1b36b78ddab6f6889369') in 0.020260 seconds
  Import took 0.024474 seconds .

========================================================================
Received Import Request.
  Time since last request: 0.014731 seconds.
  path: Assets/Materials/Door.mat
  artifactKey: Guid(1ecb542eeae2b4accbd3330e3c71ee37) Importer(815301076,1909f56bfc062723c751e8b465ee728b)
Start importing Assets/Materials/Door.mat using Guid(1ecb542eeae2b4accbd3330e3c71ee37) Importer(815301076,1909f56bfc062723c751e8b465ee728b)  -> (artifact id: '895bc52fd786d9f1cdfac24627b1db54') in 0.606074 seconds
  Import took 0.610254 seconds .

========================================================================
Received Import Request.
  Time since last request: 0.000402 seconds.
  path: Assets/Materials/Painting 3.mat
  artifactKey: Guid(d7cf90edfb2224dd39d1cccecf963e87) Importer(815301076,1909f56bfc062723c751e8b465ee728b)
Start importing Assets/Materials/Painting 3.mat using Guid(d7cf90edfb2224dd39d1cccecf963e87) Importer(815301076,1909f56bfc062723c751e8b465ee728b)  -> (artifact id: 'fa1dca0184f70ba4541cd84a81e31fd9') in 0.040591 seconds
  Import took 0.043722 seconds .

========================================================================
Received Import Request.
  Time since last request: 0.000397 seconds.
  path: Assets/Materials/Floor 4.mat
  artifactKey: Guid(1ab50c00f5e744989a090ed703902070) Importer(815301076,1909f56bfc062723c751e8b465ee728b)
Start importing Assets/Materials/Floor 4.mat using Guid(1ab50c00f5e744989a090ed703902070) Importer(815301076,1909f56bfc062723c751e8b465ee728b)  -> (artifact id: 'e2b902246345414ea903317715032264') in 0.038531 seconds
  Import took 0.041486 seconds .

========================================================================
Received Import Request.
  Time since last request: 0.000371 seconds.
  path: Assets/Materials/Painting 2.mat
  artifactKey: Guid(26cf7e2925e4a448d9ba85eba5470ddf) Importer(815301076,1909f56bfc062723c751e8b465ee728b)
Start importing Assets/Materials/Painting 2.mat using Guid(26cf7e2925e4a448d9ba85eba5470ddf) Importer(815301076,1909f56bfc062723c751e8b465ee728b)  -> (artifact id: '7905b15438c0d51806ea3317b4f2107f') in 0.038272 seconds
  Import took 0.041265 seconds .

========================================================================
Received Import Request.
  Time since last request: 0.000329 seconds.
  path: Assets/Materials/Player.mat
  artifactKey: Guid(ce0162f376b4340fdbbf0c3f0dd071c9) Importer(815301076,1909f56bfc062723c751e8b465ee728b)
Start importing Assets/Materials/Player.mat using Guid(ce0162f376b4340fdbbf0c3f0dd071c9) Importer(815301076,1909f56bfc062723c751e8b465ee728b)  -> (artifact id: 'b51db217e2ebc0646801acd1b96ee0ca') in 0.042394 seconds
  Import took 0.045425 seconds .

========================================================================
Received Import Request.
  Time since last request: 0.000360 seconds.
  path: Assets/Materials/Walls 4.mat
  artifactKey: Guid(04a41fca2fffc4d48803bab4f7af8d2c) Importer(815301076,1909f56bfc062723c751e8b465ee728b)
Start importing Assets/Materials/Walls 4.mat using Guid(04a41fca2fffc4d48803bab4f7af8d2c) Importer(815301076,1909f56bfc062723c751e8b465ee728b)  -> (artifact id: '2f83dbddb9c6a9404c05c09562f64f6e') in 0.040799 seconds
  Import took 0.044305 seconds .

========================================================================
Received Import Request.
  Time since last request: 0.000547 seconds.
  path: Assets/Materials/Floor 3.mat
  artifactKey: Guid(a482f5db0ed124d9ca47f89d651edd14) Importer(815301076,1909f56bfc062723c751e8b465ee728b)
Start importing Assets/Materials/Floor 3.mat using Guid(a482f5db0ed124d9ca47f89d651edd14) Importer(815301076,1909f56bfc062723c751e8b465ee728b)  -> (artifact id: '1ed440e3a4992244c9858930cb508b5c') in 0.035176 seconds
  Import took 0.038101 seconds .

========================================================================
Received Import Request.
  Time since last request: 0.000305 seconds.
  path: Assets/Materials/Painting 1.mat
  artifactKey: Guid(ecade22b6dca844b6b8efe6e149803ce) Importer(815301076,1909f56bfc062723c751e8b465ee728b)
Start importing Assets/Materials/Painting 1.mat using Guid(ecade22b6dca844b6b8efe6e149803ce) Importer(815301076,1909f56bfc062723c751e8b465ee728b)  -> (artifact id: '1cfb0d957eb78558fb5ea619a95067cc') in 0.042563 seconds
  Import took 0.045650 seconds .

========================================================================
Received Import Request.
  Time since last request: 0.000315 seconds.
  path: Assets/Materials/Floor 2.mat
  artifactKey: Guid(7b1f582b53ed34fb8a895c21d34d6cfd) Importer(815301076,1909f56bfc062723c751e8b465ee728b)
Start importing Assets/Materials/Floor 2.mat using Guid(7b1f582b53ed34fb8a895c21d34d6cfd) Importer(815301076,1909f56bfc062723c751e8b465ee728b)  -> (artifact id: 'f1645af571f4f7a954ce9607a00c470a') in 0.037982 seconds
  Import took 0.041488 seconds .

========================================================================
Received Import Request.
  Time since last request: 0.000359 seconds.
  path: Assets/Materials/Walls 1.mat
  artifactKey: Guid(3c8277134dbc94613abf28d0ecb397f2) Importer(815301076,1909f56bfc062723c751e8b465ee728b)
Start importing Assets/Materials/Walls 1.mat using Guid(3c8277134dbc94613abf28d0ecb397f2) Importer(815301076,1909f56bfc062723c751e8b465ee728b)  -> (artifact id: '4abd1a71559107692114e5adc8561c3e') in 0.045681 seconds
  Import took 0.049490 seconds .

========================================================================
Received Import Request.
  Time since last request: 0.000474 seconds.
  path: Assets/Materials/Walls 2.mat
  artifactKey: Guid(c93005eefa3ee49c084cc0b4e1a3b85d) Importer(815301076,1909f56bfc062723c751e8b465ee728b)
Start importing Assets/Materials/Walls 2.mat using Guid(c93005eefa3ee49c084cc0b4e1a3b85d) Importer(815301076,1909f56bfc062723c751e8b465ee728b)  -> (artifact id: '31d4f4a7665afcab0a1507c305418f94') in 0.036050 seconds
  Import took 0.039160 seconds .

========================================================================
Received Import Request.
  Time since last request: 0.000330 seconds.
  path: Assets/Materials/Walls 3.mat
  artifactKey: Guid(18b63f50e1eed41e28e31bbc33b5b467) Importer(815301076,1909f56bfc062723c751e8b465ee728b)
Start importing Assets/Materials/Walls 3.mat using Guid(18b63f50e1eed41e28e31bbc33b5b467) Importer(815301076,1909f56bfc062723c751e8b465ee728b)  -> (artifact id: '41ac4a21129da1d4bc30cb245d4c5911') in 0.042634 seconds
  Import took 0.045958 seconds .

========================================================================
Received Import Request.
  Time since last request: 0.000320 seconds.
  path: Assets/Materials/Floor 1.mat
  artifactKey: Guid(ca18ae0af3bfc4f6e8746c218fd13cc3) Importer(815301076,1909f56bfc062723c751e8b465ee728b)
Start importing Assets/Materials/Floor 1.mat using Guid(ca18ae0af3bfc4f6e8746c218fd13cc3) Importer(815301076,1909f56bfc062723c751e8b465ee728b)  -> (artifact id: '054ac6ff24925aa0d6b0d549894a1f46') in 0.042007 seconds
  Import took 0.045774 seconds .

========================================================================
Received Prepare
Registering precompiled user dll's ...
Registered in 0.001802 seconds.
Begin MonoManager ReloadAssembly
Native extension for WindowsStandalone target not found
Refreshing native plugins compatible for Editor in 0.48 ms, found 0 plugins.
Preloading 0 native plugins for Editor in 0.00 ms.
Invoked RoslynAnalysisRunner static constructor.
RoslynAnalysisRunner will not be running.
RoslynAnalysisRunner has terminated.
Mono: successfully reloaded assembly
- Completed reload, in  1.828 seconds
Platform modules already initialized, skipping
Refreshing native plugins compatible for Editor in 0.30 ms, found 0 plugins.
Preloading 0 native plugins for Editor in 0.00 ms.
Unloading 1080 Unused Serialized files (Serialized files now loaded: 0)
System memory in use before: 59.2 MB.
System memory in use after: 59.3 MB.

Unloading 4 unused Assets to reduce memory usage. Loaded Objects now: 1570.
Total: 3.369100 ms (FindLiveObjects: 0.242600 ms CreateObjectMapping: 0.045600 ms MarkObjects: 3.040200 ms  DeleteObjects: 0.037800 ms)

========================================================================
Received Import Request.
  Time since last request: 552.660095 seconds.
  path: Assets/Prefabs/Maze Cell.prefab
  artifactKey: Guid(8cc5710f710a24360a566370d7049cf8) Importer(815301076,1909f56bfc062723c751e8b465ee728b)
Start importing Assets/Prefabs/Maze Cell.prefab using Guid(8cc5710f710a24360a566370d7049cf8) Importer(815301076,1909f56bfc062723c751e8b465ee728b)  -> (artifact id: 'a6ac3759007710eaf79acf6c0b004c2d') in 0.154443 seconds
  Import took 0.158789 seconds .

========================================================================
Received Import Request.
  Time since last request: 0.000527 seconds.
  path: Assets/Prefabs/Player.prefab
  artifactKey: Guid(4c6e2fb6da7fd4f5aa5c8463ebb46e79) Importer(815301076,1909f56bfc062723c751e8b465ee728b)
Start importing Assets/Prefabs/Player.prefab using Guid(4c6e2fb6da7fd4f5aa5c8463ebb46e79) Importer(815301076,1909f56bfc062723c751e8b465ee728b)  -> (artifact id: 'abb61f5bf75f534a6de8744838cf96fd') in 0.041472 seconds
  Import took 0.044468 seconds .

========================================================================
Received Import Request.
  Time since last request: 0.000383 seconds.
  path: Assets/Prefabs/Maze Wall.prefab
  artifactKey: Guid(2970089c471ef4c599835c1992954af5) Importer(815301076,1909f56bfc062723c751e8b465ee728b)
Start importing Assets/Prefabs/Maze Wall.prefab using Guid(2970089c471ef4c599835c1992954af5) Importer(815301076,1909f56bfc062723c751e8b465ee728b)  -> (artifact id: '8f1e1fe6fcc01cc3fe41927c47447516') in 0.043738 seconds
  Import took 0.048027 seconds .

========================================================================
Received Import Request.
  Time since last request: 0.000455 seconds.
  path: Assets/Prefabs/Maze.prefab
  artifactKey: Guid(a2395bb8a91944f21b621f2614d6db99) Importer(815301076,1909f56bfc062723c751e8b465ee728b)
Start importing Assets/Prefabs/Maze.prefab using Guid(a2395bb8a91944f21b621f2614d6db99) Importer(815301076,1909f56bfc062723c751e8b465ee728b)  -> (artifact id: 'd5f4dbe9bfc61057e2776f48fe209913') in 0.033149 seconds
  Import took 0.037958 seconds .

========================================================================
Received Import Request.
  Time since last request: 0.000370 seconds.
  path: Assets/Prefabs/Maze Door.prefab
  artifactKey: Guid(ddd2858d08f2e45f3b4b479b51caf822) Importer(815301076,1909f56bfc062723c751e8b465ee728b)
Start importing Assets/Prefabs/Maze Door.prefab using Guid(ddd2858d08f2e45f3b4b479b51caf822) Importer(815301076,1909f56bfc062723c751e8b465ee728b)  -> (artifact id: '3e381234a6c940f9b45a3f3f1084f896') in 0.048459 seconds
  Import took 0.052506 seconds .

========================================================================
Received Import Request.
  Time since last request: 0.000575 seconds.
  path: Assets/Prefabs/Maze Wall with Painting 3.prefab
  artifactKey: Guid(f489487ab599f45b181d62c31aa46aa7) Importer(815301076,1909f56bfc062723c751e8b465ee728b)
Start importing Assets/Prefabs/Maze Wall with Painting 3.prefab using Guid(f489487ab599f45b181d62c31aa46aa7) Importer(815301076,1909f56bfc062723c751e8b465ee728b)  -> (artifact id: 'c9d3a60561a5714a14698ab579bb4ac2') in 0.041368 seconds
  Import took 0.045233 seconds .

========================================================================
Received Import Request.
  Time since last request: 0.000368 seconds.
  path: Assets/Prefabs/Maze Passage.prefab
  artifactKey: Guid(4db582300649e4e399ee4a2665f9e8e6) Importer(815301076,1909f56bfc062723c751e8b465ee728b)
Start importing Assets/Prefabs/Maze Passage.prefab using Guid(4db582300649e4e399ee4a2665f9e8e6) Importer(815301076,1909f56bfc062723c751e8b465ee728b)  -> (artifact id: '34e241122798925c383746bccd8f0fa1') in 0.019725 seconds
  Import took 0.022311 seconds .

========================================================================
Received Import Request.
  Time since last request: 0.000344 seconds.
  path: Assets/Prefabs/Maze Wall with Painting 2.prefab
  artifactKey: Guid(d61d85f53c9da4244986893237736493) Importer(815301076,1909f56bfc062723c751e8b465ee728b)
Start importing Assets/Prefabs/Maze Wall with Painting 2.prefab using Guid(d61d85f53c9da4244986893237736493) Importer(815301076,1909f56bfc062723c751e8b465ee728b)  -> (artifact id: 'ba3ccb4690f4b75fb8394cbc41a56a65') in 0.029887 seconds
  Import took 0.034016 seconds .

========================================================================
Received Import Request.
  Time since last request: 0.000400 seconds.
  path: Assets/Prefabs/Maze Wall with Painting 1.prefab
  artifactKey: Guid(057b7e231030049f9a3f3e033926ab42) Importer(815301076,1909f56bfc062723c751e8b465ee728b)
Start importing Assets/Prefabs/Maze Wall with Painting 1.prefab using Guid(057b7e231030049f9a3f3e033926ab42) Importer(815301076,1909f56bfc062723c751e8b465ee728b)  -> (artifact id: '79d3375e4fb552d47a4d1e4418736846') in 0.027724 seconds
  Import took 0.030820 seconds .

========================================================================
Received Import Request.
  Time since last request: 6510.979724 seconds.
  path: Assets/Materials/Door.mat
  artifactKey: Guid(1ecb542eeae2b4accbd3330e3c71ee37) Importer(815301076,1909f56bfc062723c751e8b465ee728b)
Start importing Assets/Materials/Door.mat using Guid(1ecb542eeae2b4accbd3330e3c71ee37) Importer(815301076,1909f56bfc062723c751e8b465ee728b)  -> (artifact id: 'e67e9e071567df5f609ad3cf3dc69860') in 0.074829 seconds
  Import took 0.078892 seconds .

========================================================================
Received Import Request.
  Time since last request: 0.000393 seconds.
  path: Assets/Materials/Floor 4.mat
  artifactKey: Guid(1ab50c00f5e744989a090ed703902070) Importer(815301076,1909f56bfc062723c751e8b465ee728b)
Start importing Assets/Materials/Floor 4.mat using Guid(1ab50c00f5e744989a090ed703902070) Importer(815301076,1909f56bfc062723c751e8b465ee728b)  -> (artifact id: '560fd1d0489e97dad3d8a19580b6b643') in 0.030226 seconds
  Import took 0.033231 seconds .

========================================================================
Received Import Request.
  Time since last request: 0.000334 seconds.
  path: Assets/Materials/Painting 2.mat
  artifactKey: Guid(26cf7e2925e4a448d9ba85eba5470ddf) Importer(815301076,1909f56bfc062723c751e8b465ee728b)
Start importing Assets/Materials/Painting 2.mat using Guid(26cf7e2925e4a448d9ba85eba5470ddf) Importer(815301076,1909f56bfc062723c751e8b465ee728b)  -> (artifact id: '8c792cb9d0b60ffa9787ec8ad728865f') in 0.035874 seconds
  Import took 0.038511 seconds .

========================================================================
Received Import Request.
  Time since last request: 0.000343 seconds.
  path: Assets/Materials/Walls 4.mat
  artifactKey: Guid(04a41fca2fffc4d48803bab4f7af8d2c) Importer(815301076,1909f56bfc062723c751e8b465ee728b)
Start importing Assets/Materials/Walls 4.mat using Guid(04a41fca2fffc4d48803bab4f7af8d2c) Importer(815301076,1909f56bfc062723c751e8b465ee728b)  -> (artifact id: 'a6e17d610c1477de8ebbd2727f0624cb') in 0.032846 seconds
  Import took 0.035633 seconds .

========================================================================
Received Import Request.
  Time since last request: 0.000261 seconds.
  path: Assets/Materials/Walls 1.mat
  artifactKey: Guid(3c8277134dbc94613abf28d0ecb397f2) Importer(815301076,1909f56bfc062723c751e8b465ee728b)
Start importing Assets/Materials/Walls 1.mat using Guid(3c8277134dbc94613abf28d0ecb397f2) Importer(815301076,1909f56bfc062723c751e8b465ee728b)  -> (artifact id: 'c402824a1f69b05cddcb19828effb0a4') in 0.031805 seconds
  Import took 0.034596 seconds .

========================================================================
Received Import Request.
  Time since last request: 0.002176 seconds.
  path: Assets/Materials/Walls 1.mat
  artifactKey: Guid(3c8277134dbc94613abf28d0ecb397f2) Importer(815301076,1909f56bfc062723c751e8b465ee728b)
Start importing Assets/Materials/Walls 1.mat using Guid(3c8277134dbc94613abf28d0ecb397f2) Importer(815301076,1909f56bfc062723c751e8b465ee728b)  -> (artifact id: 'c402824a1f69b05cddcb19828effb0a4') in 0.025502 seconds
  Import took 0.028461 seconds .

========================================================================
Received Prepare
Registering precompiled user dll's ...
Registered in 0.001694 seconds.
Begin MonoManager ReloadAssembly
Native extension for WindowsStandalone target not found
Refreshing native plugins compatible for Editor in 0.55 ms, found 0 plugins.
Preloading 0 native plugins for Editor in 0.00 ms.
Invoked RoslynAnalysisRunner static constructor.
RoslynAnalysisRunner will not be running.
RoslynAnalysisRunner has terminated.
Mono: successfully reloaded assembly
- Completed reload, in  1.820 seconds
Platform modules already initialized, skipping
Refreshing native plugins compatible for Editor in 0.35 ms, found 0 plugins.
Preloading 0 native plugins for Editor in 0.00 ms.
Unloading 1080 Unused Serialized files (Serialized files now loaded: 0)
System memory in use before: 59.4 MB.
System memory in use after: 59.5 MB.

Unloading 5 unused Assets to reduce memory usage. Loaded Objects now: 1574.
Total: 3.349500 ms (FindLiveObjects: 0.367800 ms CreateObjectMapping: 0.101000 ms MarkObjects: 2.847800 ms  DeleteObjects: 0.031100 ms)

========================================================================
Received Import Request.
  Time since last request: 230.862077 seconds.
  path: Assets/Scenes/SampleScene.unity
  artifactKey: Guid(9fc0d4010bbf28b4594072e72b8655ab) Importer(815301076,1909f56bfc062723c751e8b465ee728b)
Start importing Assets/Scenes/SampleScene.unity using Guid(9fc0d4010bbf28b4594072e72b8655ab) Importer(815301076,1909f56bfc062723c751e8b465ee728b)  -> (artifact id: '551398236729f9dfe151f1828208ba7a') in 0.042447 seconds
  Import took 0.045559 seconds .

========================================================================
Received Import Request.
  Time since last request: 11.492103 seconds.
  path: Assets/Scenes/Scene1.unity
  artifactKey: Guid(9fc0d4010bbf28b4594072e72b8655ab) Importer(815301076,1909f56bfc062723c751e8b465ee728b)
Start importing Assets/Scenes/Scene1.unity using Guid(9fc0d4010bbf28b4594072e72b8655ab) Importer(815301076,1909f56bfc062723c751e8b465ee728b)  -> (artifact id: 'b9958f7bbad2a9ad864bb87ec4eb5850') in 0.019574 seconds
  Import took 0.023823 seconds .

========================================================================
Received Import Request.
  Time since last request: 15.310619 seconds.
  path: Assets/Materials/Floor 1.mat
  artifactKey: Guid(ca18ae0af3bfc4f6e8746c218fd13cc3) Importer(815301076,1909f56bfc062723c751e8b465ee728b)
Start importing Assets/Materials/Floor 1.mat using Guid(ca18ae0af3bfc4f6e8746c218fd13cc3) Importer(815301076,1909f56bfc062723c751e8b465ee728b)  -> (artifact id: 'ce6127dd99b35a33365bf333d44ee33c') in 0.094881 seconds
  Import took 0.098320 seconds .

========================================================================
Received Import Request.
  Time since last request: 16.125622 seconds.
  path: Assets/Scripts/GameManager.cs
  artifactKey: Guid(cae0fcacd7d8c464bb488d4784e2d893) Importer(815301076,1909f56bfc062723c751e8b465ee728b)
Start importing Assets/Scripts/GameManager.cs using Guid(cae0fcacd7d8c464bb488d4784e2d893) Importer(815301076,1909f56bfc062723c751e8b465ee728b)  -> (artifact id: '1d0a254fbf10cba52a3761912ad1433d') in 0.033636 seconds
  Import took 0.036729 seconds .

========================================================================
Received Import Request.
  Time since last request: 0.022414 seconds.
  path: Assets/Scripts/GameManager.cs
  artifactKey: Guid(cae0fcacd7d8c464bb488d4784e2d893) Importer(815301076,1909f56bfc062723c751e8b465ee728b)
Start importing Assets/Scripts/GameManager.cs using Guid(cae0fcacd7d8c464bb488d4784e2d893) Importer(815301076,1909f56bfc062723c751e8b465ee728b)  -> (artifact id: '1d0a254fbf10cba52a3761912ad1433d') in 0.008922 seconds
  Import took 0.012359 seconds .

========================================================================
Received Import Request.
  Time since last request: 0.770657 seconds.
  path: Assets/Scripts/IntVector2.cs
  artifactKey: Guid(3b94f976497a64f8cbca58903717c6d2) Importer(815301076,1909f56bfc062723c751e8b465ee728b)
Start importing Assets/Scripts/IntVector2.cs using Guid(3b94f976497a64f8cbca58903717c6d2) Importer(815301076,1909f56bfc062723c751e8b465ee728b)  -> (artifact id: 'e03bb8592275ad4f3dc34320ba18254b') in 0.018228 seconds
  Import took 0.022334 seconds .

========================================================================
Received Import Request.
  Time since last request: 0.002003 seconds.
  path: Assets/Scripts/IntVector2.cs
  artifactKey: Guid(3b94f976497a64f8cbca58903717c6d2) Importer(815301076,1909f56bfc062723c751e8b465ee728b)
Start importing Assets/Scripts/IntVector2.cs using Guid(3b94f976497a64f8cbca58903717c6d2) Importer(815301076,1909f56bfc062723c751e8b465ee728b)  -> (artifact id: 'e03bb8592275ad4f3dc34320ba18254b') in 0.009706 seconds
  Import took 0.013123 seconds .

========================================================================
Received Import Request.
  Time since last request: 0.709588 seconds.
  path: Assets/Scripts/Maze.cs
  artifactKey: Guid(1592517cf81484424a60f86dfcafc7eb) Importer(815301076,1909f56bfc062723c751e8b465ee728b)
Start importing Assets/Scripts/Maze.cs using Guid(1592517cf81484424a60f86dfcafc7eb) Importer(815301076,1909f56bfc062723c751e8b465ee728b)  -> (artifact id: '671d21a71f412f874a761b73c2258802') in 0.015437 seconds
  Import took 0.019030 seconds .

========================================================================
Received Import Request.
  Time since last request: 0.002111 seconds.
  path: Assets/Scripts/Maze.cs
  artifactKey: Guid(1592517cf81484424a60f86dfcafc7eb) Importer(815301076,1909f56bfc062723c751e8b465ee728b)
Start importing Assets/Scripts/Maze.cs using Guid(1592517cf81484424a60f86dfcafc7eb) Importer(815301076,1909f56bfc062723c751e8b465ee728b)  -> (artifact id: '671d21a71f412f874a761b73c2258802') in 0.007664 seconds
  Import took 0.010893 seconds .

========================================================================
Received Import Request.
  Time since last request: 0.738872 seconds.
  path: Assets/Scripts/MazeCellEdge.cs
  artifactKey: Guid(3b8c8b678d8fb4f4da0ea193df7c9175) Importer(815301076,1909f56bfc062723c751e8b465ee728b)
Start importing Assets/Scripts/MazeCellEdge.cs using Guid(3b8c8b678d8fb4f4da0ea193df7c9175) Importer(815301076,1909f56bfc062723c751e8b465ee728b)  -> (artifact id: 'dcf76e701337c423b9566fceaab6e640') in 0.018073 seconds
  Import took 0.022300 seconds .

========================================================================
Received Prepare
Registering precompiled user dll's ...
Registered in 0.001907 seconds.
Begin MonoManager ReloadAssembly
Native extension for WindowsStandalone target not found
Refreshing native plugins compatible for Editor in 0.37 ms, found 0 plugins.
Preloading 0 native plugins for Editor in 0.00 ms.
Invoked RoslynAnalysisRunner static constructor.
RoslynAnalysisRunner will not be running.
RoslynAnalysisRunner has terminated.
Mono: successfully reloaded assembly
- Completed reload, in  1.256 seconds
Platform modules already initialized, skipping
Refreshing native plugins compatible for Editor in 0.59 ms, found 0 plugins.
Preloading 0 native plugins for Editor in 0.00 ms.
Unloading 1080 Unused Serialized files (Serialized files now loaded: 0)
System memory in use before: 59.5 MB.
System memory in use after: 59.6 MB.

Unloading 4 unused Assets to reduce memory usage. Loaded Objects now: 1577.
Total: 3.075500 ms (FindLiveObjects: 0.276700 ms CreateObjectMapping: 0.055900 ms MarkObjects: 2.720800 ms  DeleteObjects: 0.020400 ms)

========================================================================
Received Import Request.
  Time since last request: 22.291941 seconds.
  path: Assets/Scripts/MazeCell.cs
  artifactKey: Guid(ed5f8bc05df4a4ad3af67b96d059209f) Importer(815301076,1909f56bfc062723c751e8b465ee728b)
Start importing Assets/Scripts/MazeCell.cs using Guid(ed5f8bc05df4a4ad3af67b96d059209f) Importer(815301076,1909f56bfc062723c751e8b465ee728b)  -> (artifact id: 'aa1c35fe6042c7e7151e18e21bacb9d2') in 0.021081 seconds
  Import took 0.024774 seconds .

========================================================================
Received Import Request.
  Time since last request: 0.000724 seconds.
  path: Assets/Scripts/MazeCell.cs
  artifactKey: Guid(ed5f8bc05df4a4ad3af67b96d059209f) Importer(815301076,1909f56bfc062723c751e8b465ee728b)
Start importing Assets/Scripts/MazeCell.cs using Guid(ed5f8bc05df4a4ad3af67b96d059209f) Importer(815301076,1909f56bfc062723c751e8b465ee728b)  -> (artifact id: 'aa1c35fe6042c7e7151e18e21bacb9d2') in 0.008249 seconds
  Import took 0.012540 seconds .

========================================================================
Received Import Request.
  Time since last request: 2.713476 seconds.
  path: Assets/Scripts/MazeDirection.cs
  artifactKey: Guid(3a61f0d747adf4d4babab5ac3d8340fe) Importer(815301076,1909f56bfc062723c751e8b465ee728b)
Start importing Assets/Scripts/MazeDirection.cs using Guid(3a61f0d747adf4d4babab5ac3d8340fe) Importer(815301076,1909f56bfc062723c751e8b465ee728b)  -> (artifact id: '98eaa67dd152d4df8e96dd70ce268874') in 0.016893 seconds
  Import took 0.020371 seconds .

========================================================================
Received Import Request.
  Time since last request: 0.027330 seconds.
  path: Assets/Scripts/MazeDirection.cs
  artifactKey: Guid(3a61f0d747adf4d4babab5ac3d8340fe) Importer(815301076,1909f56bfc062723c751e8b465ee728b)
Start importing Assets/Scripts/MazeDirection.cs using Guid(3a61f0d747adf4d4babab5ac3d8340fe) Importer(815301076,1909f56bfc062723c751e8b465ee728b)  -> (artifact id: '98eaa67dd152d4df8e96dd70ce268874') in 0.007797 seconds
  Import took 0.011022 seconds .

========================================================================
Received Import Request.
  Time since last request: 0.744904 seconds.
  path: Assets/Scripts/MazeDoor.cs
  artifactKey: Guid(42dc7f2bd7ccf4bd0a6bf790eec76fbf) Importer(815301076,1909f56bfc062723c751e8b465ee728b)
Start importing Assets/Scripts/MazeDoor.cs using Guid(42dc7f2bd7ccf4bd0a6bf790eec76fbf) Importer(815301076,1909f56bfc062723c751e8b465ee728b)  -> (artifact id: 'd32e4244f8a341a6c523116f42deb73d') in 0.018500 seconds
  Import took 0.021926 seconds .

========================================================================
Received Import Request.
  Time since last request: 1.834015 seconds.
  path: Assets/Scripts/MazePassage.cs
  artifactKey: Guid(68f200ff7f0294ad6892454de6cdf02f) Importer(815301076,1909f56bfc062723c751e8b465ee728b)
Start importing Assets/Scripts/MazePassage.cs using Guid(68f200ff7f0294ad6892454de6cdf02f) Importer(815301076,1909f56bfc062723c751e8b465ee728b)  -> (artifact id: '6ea44625541aecff139a60f9ce17a746') in 0.023181 seconds
  Import took 0.026409 seconds .

========================================================================
Received Import Request.
  Time since last request: 2.707913 seconds.
  path: Assets/Scripts/MazeWall.cs
  artifactKey: Guid(290e5e28b345f4543818e4352de1464d) Importer(815301076,1909f56bfc062723c751e8b465ee728b)
Start importing Assets/Scripts/MazeWall.cs using Guid(290e5e28b345f4543818e4352de1464d) Importer(815301076,1909f56bfc062723c751e8b465ee728b)  -> (artifact id: 'c34d9de35dfd5294c8e873560324d05e') in 0.017281 seconds
  Import took 0.021725 seconds .

========================================================================
Received Import Request.
  Time since last request: 2.001501 seconds.
  path: Assets/Scripts/Player.cs
  artifactKey: Guid(3da3d8ef3655a420ea0f17b69015d33f) Importer(815301076,1909f56bfc062723c751e8b465ee728b)
Start importing Assets/Scripts/Player.cs using Guid(3da3d8ef3655a420ea0f17b69015d33f) Importer(815301076,1909f56bfc062723c751e8b465ee728b)  -> (artifact id: 'f8c4b51365934b74db2e07ae7b3f1326') in 0.016576 seconds
  Import took 0.019895 seconds .

========================================================================
Received Import Request.
  Time since last request: 0.000914 seconds.
  path: Assets/Scripts/Player.cs
  artifactKey: Guid(3da3d8ef3655a420ea0f17b69015d33f) Importer(815301076,1909f56bfc062723c751e8b465ee728b)
Start importing Assets/Scripts/Player.cs using Guid(3da3d8ef3655a420ea0f17b69015d33f) Importer(815301076,1909f56bfc062723c751e8b465ee728b)  -> (artifact id: 'f8c4b51365934b74db2e07ae7b3f1326') in 0.008367 seconds
  Import took 0.012364 seconds .

========================================================================
Received Prepare
Registering precompiled user dll's ...
Registered in 0.001412 seconds.
Begin MonoManager ReloadAssembly
Native extension for WindowsStandalone target not found
Refreshing native plugins compatible for Editor in 0.44 ms, found 0 plugins.
Preloading 0 native plugins for Editor in 0.00 ms.
Invoked RoslynAnalysisRunner static constructor.
RoslynAnalysisRunner will not be running.
RoslynAnalysisRunner has terminated.
Mono: successfully reloaded assembly
- Completed reload, in  1.105 seconds
Platform modules already initialized, skipping
Refreshing native plugins compatible for Editor in 0.32 ms, found 0 plugins.
Preloading 0 native plugins for Editor in 0.00 ms.
Unloading 1080 Unused Serialized files (Serialized files now loaded: 0)
System memory in use before: 59.5 MB.
System memory in use after: 59.6 MB.

Unloading 4 unused Assets to reduce memory usage. Loaded Objects now: 1579.
Total: 3.457900 ms (FindLiveObjects: 0.362200 ms CreateObjectMapping: 0.183700 ms MarkObjects: 2.888300 ms  DeleteObjects: 0.020900 ms)

AssetImportWorkerClient::OnTransportError - code=2 error=End of file
